Best pretection is [12 15 15 ..., 10 15 13]
Confusion matrix is [
 [   4.    1.    0.    2.    0.    2.    0.    0.    0.    0.    0.    0.    4.    1.    0.    2.    0.    0.    1.]
 [   1.   48.    2.    0.   10.    1.    5.    0.    1.    5.    3.    0.    16.    4.    2.    6.    0.    2.    5.]
 [   0.    1.   16.    0.    0.    0.    0.    1.    0.    0.    1.    0.    3.    0.    4.    1.    2.    0.    0.]
 [   0.    0.    0.  118.    0.    4.    0.    1.    2.    0.   11.    0.    9.    0.    0.    0.    0.    0.    0.]
 [   3.    6.    0.    1.   84.    3.    4.    2.    1.    0.    2.    0.    15.    1.    1.    0.    1.    0.    2.]
 [   0.    1.    2.    9.    1.   73.    2.    1.    0.    0.    2.    0.    8.    1.    0.    1.    0.    0.    0.]
 [   0.    2.    1.    2.    5.    0.  129.    0.    3.    0.    0.    0.    7.    1.    0.    2.    0.    1.    3.]
 [   1.    1.    0.    1.    0.    0.    4.    7.    2.    0.    1.    0.    7.    1.    1.    0.    1.    1.    0.]
 [   1.    0.    0.    5.    1.    1.    4.    2.   36.    0.    4.    0.    15.    4.    1.    0.    0.    0.    2.]
 [   0.    3.    2.    2.    2.    2.    0.    1.    1.  144.    3.    0.    24.    5.   10.    4.    0.    0.    0.]
 [   0.    1.    0.   15.    0.    2.    2.    0.   10.    8.   74.    0.    26.    1.    2.    0.    3.    3.    2.]
 [   0.    0.    0.    0.    0.    0.    0.    0.    0.    0.    0.    0.    0.    0.    0.    0.    0.    0.    0.]
 [   0.   15.    3.   16.   14.    8.   26.    5.    9.   25.   23.    0.    111.   15.   11.   15.    3.   12.   29.]
 [   0.    4.    1.    0.    0.    1.    2.    1.    9.    3.    2.    0.    17.   34.    0.    8.    1.    1.    4.]
 [   0.    1.    2.    0.    1.    0.    1.    0.    2.    5.    0.    0.    8.    3.   85.    1.    0.    0.    1.]
 [   4.    5.    1.    0.    2.    1.    0.    0.    0.    7.    2.    0.    23.    8.    1.   38.    1.    0.    2.]
 [   0.    2.    1.    0.    0.    2.    0.    0.    0.    0.    0.    0.    4.    2.    1.    1.   21.    0.    0.]
 [   0.    1.    0.    0.    0.    0.    1.    0.    2.    1.    1.    0.    6.    1.    0.    0.    0.   13.   12.]
 [   0.    4.    0.    1.    2.    3.    1.    3.    1.    4.    3.    0.    34.    3.    0.    2.    0.    9.   84.]]
P_R_F of every class is [
[17.0, 14.0, 4.0, 0.2857142857142857, 0.23529411764705882, 0.25806451612903231],
[111.0, 96.0, 48.0, 0.5, 0.43243243243243246, 0.46376811594202899],
[29.0, 31.0, 16.0, 0.5161290322580645, 0.55172413793103448, 0.53333333333333333],
[145.0, 172.0, 118.0, 0.68604651162790697, 0.81379310344827582, 0.74447949526813872],
[126.0, 122.0, 84.0, 0.68852459016393441, 0.66666666666666663, 0.67741935483870963],
[101.0, 103.0, 73.0, 0.70873786407766992, 0.72277227722772275, 0.71568627450980393],
[156.0, 181.0, 129.0, 0.71270718232044195, 0.82692307692307687, 0.76557863501483669],
[28.0, 24.0, 7.0, 0.29166666666666669, 0.25, 0.26923076923076922],
[76.0, 79.0, 36.0, 0.45569620253164556, 0.47368421052631576, 0.46451612903225808],
[203.0, 202.0, 144.0, 0.71287128712871284, 0.70935960591133007, 0.71111111111111114],
[149.0, 132.0, 74.0, 0.56060606060606055, 0.49664429530201343, 0.5266903914590747],
[0.0, 0.0, 0.0, -1, -1, -1],
[340.0, 337.0, 111.0, 0.32937685459940652, 0.32647058823529412, 0.32791728212703103],
[88.0, 85.0, 34.0, 0.40000000000000002, 0.38636363636363635, 0.39306358381502887],
[110.0, 119.0, 85.0, 0.7142857142857143, 0.77272727272727271, 0.74235807860262015],
[95.0, 81.0, 38.0, 0.46913580246913578, 0.40000000000000002, 0.43181818181818182],
[34.0, 33.0, 21.0, 0.63636363636363635, 0.61764705882352944, 0.62686567164179108],
[38.0, 42.0, 13.0, 0.30952380952380953, 0.34210526315789475, 0.32500000000000007],
[154.0, 147.0, 84.0, 0.5714285714285714, 0.54545454545454541, 0.55813953488372081]]
P value is 0.530489670654
R value is 0.531670127154
F1 value is 0.529724469931
